#
# There is insufficient memory for the Java Runtime Environment to continue.
# Native memory allocation (malloc) failed to allocate 1048576 bytes for AllocateHeap
# Possible reasons:
#   The system is out of physical RAM or swap space
#   In 32 bit mode, the process size limit was hit
# Possible solutions:
#   Reduce memory load on the system
#   Increase physical memory or swap space
#   Check if swap backing store is full
#   Use 64 bit Java on a 64 bit OS
#   Decrease Java heap size (-Xmx/-Xms)
#   Decrease number of Java threads
#   Decrease Java thread stack sizes (-Xss)
#   Set larger code cache with -XX:ReservedCodeCacheSize=
# This output file may be truncated or incomplete.
#
#  Out of Memory Error (memory/allocation.inline.hpp:60), pid=11036, tid=10800
#
# JRE version: 7.0_25-b16
# Java VM: Java HotSpot(TM) 64-Bit Server VM (23.25-b01 mixed mode windows-amd64 compressed oops)
# Failed to write core dump. Minidumps are not enabled by default on client versions of Windows
#

---------------  T H R E A D  ---------------

Current thread (0x000000000287d800):  JavaThread "Unknown thread" [_thread_in_vm, id=10800, stack(0x0000000002630000,0x0000000002730000)]

Stack: [0x0000000002630000,0x0000000002730000]

---------------  P R O C E S S  ---------------

Java Threads: ( => current thread )

Other Threads:

=>0x000000000287d800 (exited) JavaThread "Unknown thread" [_thread_in_vm, id=10800, stack(0x0000000002630000,0x0000000002730000)]

VM state:not at safepoint (normal execution)

VM Mutex/Monitor currently owned by a thread: None

Heap
 PSYoungGen      total 18688K, used 321K [0x00000000eb200000, 0x00000000ec6d0000, 0x0000000100000000)
  eden space 16064K, 2% used [0x00000000eb200000,0x00000000eb250588,0x00000000ec1b0000)
  from space 2624K, 0% used [0x00000000ec440000,0x00000000ec440000,0x00000000ec6d0000)
  to   space 2624K, 0% used [0x00000000ec1b0000,0x00000000ec1b0000,0x00000000ec440000)
 ParOldGen       total 42752K, used 0K [0x00000000c1600000, 0x00000000c3fc0000, 0x00000000eb200000)
  object space 42752K, 0% used [0x00000000c1600000,0x00000000c1600000,0x00000000c3fc0000)
 PSPermGen       total 21248K, used 692K [0x00000000bc400000, 0x00000000bd8c0000, 0x00000000c1600000)
  object space 21248K, 3% used [0x00000000bc400000,0x00000000bc4ad0d8,0x00000000bd8c0000)

Card table byte_map: [0x0000000005940000,0x0000000005b60000] byte_map_base: 0x000000000535e000

Polling page: 0x0000000002570000

Code Cache  [0x0000000002880000, 0x0000000002af0000, 0x0000000005880000)
 total_blobs=39 nmethods=0 adapters=20 free_code_cache=48889Kb largest_free_block=50062848

Compilation events (0 events):
No events

GC Heap History (0 events):
No events

Deoptimization events (0 events):
No events

Internal exceptions (0 events):
No events

Events (10 events):
Event: 0.020 loading class 0x000000000275d930
Event: 0.020 loading class 0x000000000275d930 done
Event: 0.020 loading class 0x000000000275e050
Event: 0.020 loading class 0x000000000275e050 done
Event: 0.020 loading class 0x000000000275db10
Event: 0.020 loading class 0x000000000275db10 done
Event: 0.020 loading class 0x0000000002799770
Event: 0.020 loading class 0x0000000002799770 done
Event: 0.020 loading class 0x0000000002799470
Event: 0.021 loading class 0x0000000002799470 done


Dynamic libraries:
0x000007f6d3c20000 - 0x000007f6d3c53000 	C:\Program Files\Java\jre7\bin\javaw.exe
0x000007f91b9b0000 - 0x000007f91bb70000 	C:\Windows\SYSTEM32\ntdll.dll
0x000007f919220000 - 0x000007f919356000 	C:\Windows\system32\KERNEL32.DLL
0x000007f918960000 - 0x000007f918a53000 	C:\Windows\system32\KERNELBASE.dll
0x000007f91b080000 - 0x000007f91b15e000 	C:\Windows\system32\ADVAPI32.dll
0x000007f9190d0000 - 0x000007f91921c000 	C:\Windows\system32\USER32.dll
0x000007f916140000 - 0x000007f9163aa000 	C:\Windows\WinSxS\amd64_microsoft.windows.common-controls_6595b64144ccf1df_6.0.9200.16579_none_418ab7ef718b27ef\COMCTL32.dll
0x000007f91afd0000 - 0x000007f91b075000 	C:\Windows\system32\msvcrt.dll
0x000007f919480000 - 0x000007f9194c8000 	C:\Windows\SYSTEM32\sechost.dll
0x000007f91b160000 - 0x000007f91b2a5000 	C:\Windows\system32\RPCRT4.dll
0x000007f918da0000 - 0x000007f918ee1000 	C:\Windows\system32\GDI32.dll
0x000007f919090000 - 0x000007f9190c9000 	C:\Windows\system32\IMM32.DLL
0x000007f919360000 - 0x000007f919476000 	C:\Windows\system32\MSCTF.dll
0x000007f9185d0000 - 0x000007f918611000 	C:\Windows\system32\nvinitx.dll
0x000000000f000000 - 0x000000000f006000 	C:\Program Files\NVIDIA Corporation\CoProcManager\detoured.dll
0x000007f916de0000 - 0x000007f916e36000 	C:\Program Files\NVIDIA Corporation\CoProcManager\nvd3d9wrapx.dll
0x000007f91ac90000 - 0x000007f91ae60000 	C:\Windows\system32\SETUPAPI.dll
0x000007f918d50000 - 0x000007f918d9f000 	C:\Windows\system32\CFGMGR32.dll
0x000007f918930000 - 0x000007f918952000 	C:\Windows\system32\DEVOBJ.dll
0x000007f9163b0000 - 0x000007f9163ed000 	C:\Program Files\NVIDIA Corporation\CoProcManager\nvdxgiwrapx.dll
0x0000000057c00000 - 0x0000000057cd1000 	C:\Program Files\Java\jre7\bin\msvcr100.dll
0x00000000574f0000 - 0x0000000057bff000 	C:\Program Files\Java\jre7\bin\server\jvm.dll
0x000007f9119e0000 - 0x000007f9119e9000 	C:\Windows\SYSTEM32\WSOCK32.dll
0x000007f913cb0000 - 0x000007f913cd0000 	C:\Windows\SYSTEM32\WINMM.dll
0x000007f91b2b0000 - 0x000007f91b2b7000 	C:\Windows\system32\PSAPI.DLL
0x000007f919540000 - 0x000007f919598000 	C:\Windows\system32\WS2_32.dll
0x000007f913c70000 - 0x000007f913ca3000 	C:\Windows\SYSTEM32\WINMMBASE.dll
0x000007f919950000 - 0x000007f919959000 	C:\Windows\system32\NSI.dll
0x00000000574e0000 - 0x00000000574ef000 	C:\Program Files\Java\jre7\bin\verify.dll
0x00000000574b0000 - 0x00000000574d8000 	C:\Program Files\Java\jre7\bin\java.dll
0x0000000057490000 - 0x00000000574a5000 	C:\Program Files\Java\jre7\bin\zip.dll

VM Arguments:
jvm_args: -Dfile.encoding=Cp1252 
java_command: Dice
Launcher Type: SUN_STANDARD

Environment Variables:
CLASSPATH=.;C:\Program Files (x86)\QuickTime\QTSystem\QTJava.zip
PATH=C:\Program Files (x86)\NVIDIA Corporation\PhysX\Common;C:\Perl64\site\bin;C:\Perl64\bin;C:\Windows\system32;C:\Windows;C:\Windows\System32\Wbem;C:\Windows\System32\WindowsPowerShell\v1.0\;C:\Program Files\Java\jre7\bin;C:\Program Files (x86)\Intel\OpenCL SDK\2.0\bin\x86;C:\Program Files (x86)\Intel\OpenCL SDK\2.0\bin\x64;C:\Program Files (x86)\QuickTime\QTSystem\;C:\Python27;C:\Python27\Scripts;C:\Program Files (x86)\MiKTeX 2.9\miktex\bin\;C:\Program Files\doxygen\bin;C:\Program Files\MySQL\MySQL Server 5.5\bin;E:\Program Files\MATLAB\R2013a\runtime\win64;E:\Program Files\MATLAB\R2013a\bin;C:\Program Files (x86)\SSH Communications Security\SSH Secure Shell
USERNAME=Wajih
OS=Windows_NT
PROCESSOR_IDENTIFIER=Intel64 Family 6 Model 42 Stepping 7, GenuineIntel



---------------  S Y S T E M  ---------------

OS: Windows 8 , 64 bit Build 9200 

CPU:total 4 (2 cores per cpu, 2 threads per core) family 6 model 42 stepping 7, cmov, cx8, fxsr, mmx, sse, sse2, sse3, ssse3, sse4.1, sse4.2, popcnt, avx, ht, tsc, tscinvbit

Memory: 4k page, physical 4099236k(880112k free), swap 10620264k(5120k free)

vm_info: Java HotSpot(TM) 64-Bit Server VM (23.25-b01) for windows-amd64 JRE (1.7.0_25-b16), built on Jun 12 2013 16:42:02 by "java_re" with unknown MS VC++:1600

time: Sun Feb 23 21:44:59 2014
elapsed time: 0 seconds

